2018-01-10 18:10:17,500  WARN [ModalContext] - ScalaProject - Project simple-scala has platform default sourceLevel.
2018-01-10 18:10:17,506  WARN [ModalContext] - ScalaProject - Project simple-scala runs on platform default installation.
2018-01-10 18:10:17,604 ERROR [Worker-4] - System.err - log4j:WARN No appenders could be found for logger (org.eclipse.jgit.util.FS).
2018-01-10 18:10:17,605 ERROR [Worker-4] - System.err - log4j:WARN Please initialize the log4j system properly.
2018-01-10 18:10:22,356  WARN [Worker-4] - ScalaProject - Project simple-scala has platform default sourceLevel.
2018-01-10 18:10:22,358  WARN [Worker-4] - ScalaProject - Project simple-scala runs on platform default installation.
2018-01-10 18:11:06,818  WARN [ModalContext] - ScalaProject - Project simple-scala has platform default sourceLevel.
2018-01-10 18:11:06,820  WARN [ModalContext] - ScalaProject - Project simple-scala runs on platform default installation.
2018-01-10 18:11:22,896  WARN [ModalContext] - ScalaProject - Project simple-scala has platform default sourceLevel.
2018-01-10 18:11:22,897  WARN [ModalContext] - ScalaProject - Project simple-scala runs on platform default installation.
2018-01-10 18:11:23,055  WARN [Worker-3] - ScalaProject - Project simple-scala has platform default sourceLevel.
2018-01-10 18:11:23,055  WARN [Worker-3] - ScalaProject - Project simple-scala runs on platform default installation.
2018-01-10 18:11:46,294  WARN [main] - ScalaProject - Project simple-scala has platform default sourceLevel.
2018-01-10 18:11:46,295  WARN [main] - ScalaProject - Project simple-scala runs on platform default installation.
2018-01-10 18:11:53,516  WARN [Worker-4] - ScalaProject - Project simple-scala has platform default sourceLevel.
2018-01-10 18:11:53,516  WARN [Worker-4] - ScalaProject - Project simple-scala runs on platform default installation.
2018-01-10 18:11:53,916  WARN [Java indexing] - ScalaProject - Project simple-scala has platform default sourceLevel.
2018-01-10 18:11:53,916  WARN [Java indexing] - ScalaProject - Project simple-scala runs on platform default installation.
2018-01-10 18:11:58,546  WARN [Worker-6] - ScalaProject - Project simple-scala has platform default sourceLevel.
2018-01-10 18:11:58,547  WARN [Worker-6] - ScalaProject - Project simple-scala runs on platform default installation.
2018-01-10 18:12:02,409 ERROR [main] - org.scala-ide.sdt.core - org.scala-ide.sdt.core - org.scala-ide.sdt.core - 0 - An error occurred while trying to create a file.
org.eclipse.core.internal.resources.ResourceException: Resource '/simple-scala/src/main/scala/hw.scala' already exists.
	at org.eclipse.core.internal.resources.Resource.checkDoesNotExist(Resource.java:314)
	at org.eclipse.core.internal.resources.Resource.checkDoesNotExist(Resource.java:301)
	at org.eclipse.core.internal.resources.File.create(File.java:107)
	at org.eclipse.core.internal.resources.File.create(File.java:181)
	at org.scalaide.util.eclipse.FileUtils$.$anonfun$createFile$1(FileUtils.scala:112)
	at org.scalaide.util.eclipse.FileUtils$$$Lambda$1022/983963295.apply$mcV$sp(Unknown Source)
	at scala.runtime.java8.JFunction0$mcV$sp.apply(JFunction0$mcV$sp.java:12)
	at scala.util.Try$.apply(Try.scala:209)
	at org.scalaide.util.eclipse.FileUtils$.createFile(FileUtils.scala:110)
	at org.scalaide.ui.internal.wizards.NewFileWizard.$anonfun$okPressed$13(NewFileWizard.scala:284)
	at org.scalaide.ui.internal.wizards.NewFileWizard.$anonfun$okPressed$13$adapted(NewFileWizard.scala:283)
	at org.scalaide.ui.internal.wizards.NewFileWizard$$Lambda$1021/1892740151.apply(Unknown Source)
	at scala.Option.foreach(Option.scala:257)
	at org.scalaide.ui.internal.wizards.NewFileWizard.okPressed(NewFileWizard.scala:283)
	at org.scalaide.ui.internal.wizards.NewFileWizard.okPressed$(NewFileWizard.scala:230)
	at org.scalaide.ui.internal.wizards.NewFileWizardAdapter$$anon$1.okPressed(NewFileWizardAdapter.scala:28)
	at org.scalaide.ui.internal.wizards.NewFileWizardAdapter.performFinish(NewFileWizardAdapter.scala:55)
	at org.eclipse.jface.wizard.WizardDialog.finishPressed(WizardDialog.java:790)
	at org.eclipse.jface.wizard.WizardDialog.buttonPressed(WizardDialog.java:423)
	at org.eclipse.jface.dialogs.Dialog$2.widgetSelected(Dialog.java:618)
	at org.eclipse.swt.widgets.TypedListener.handleEvent(TypedListener.java:249)
	at org.eclipse.swt.widgets.EventTable.sendEvent(EventTable.java:84)
	at org.eclipse.swt.widgets.Display.sendEvent(Display.java:4256)
	at org.eclipse.swt.widgets.Widget.sendEvent(Widget.java:1501)
	at org.eclipse.swt.widgets.Widget.sendEvent(Widget.java:1524)
	at org.eclipse.swt.widgets.Widget.sendEvent(Widget.java:1509)
	at org.eclipse.swt.widgets.Widget.notifyListeners(Widget.java:1313)
	at org.eclipse.swt.widgets.Display.runDeferredEvents(Display.java:4080)
	at org.eclipse.swt.widgets.Display.readAndDispatch(Display.java:3706)
	at org.eclipse.ui.internal.dialogs.EventLoopProgressMonitor.runEventLoop(EventLoopProgressMonitor.java:125)
	at org.eclipse.ui.internal.dialogs.EventLoopProgressMonitor.isCanceled(EventLoopProgressMonitor.java:99)
	at org.eclipse.core.internal.jobs.ThreadJob.isCanceled(ThreadJob.java:144)
	at org.eclipse.core.internal.jobs.ThreadJob.waitForRun(ThreadJob.java:233)
	at org.eclipse.core.internal.jobs.ThreadJob.joinRun(ThreadJob.java:197)
	at org.eclipse.core.internal.jobs.ImplicitJobs.begin(ImplicitJobs.java:92)
	at org.eclipse.core.internal.jobs.JobManager.beginRule(JobManager.java:307)
	at org.eclipse.core.internal.resources.WorkManager.checkIn(WorkManager.java:121)
	at org.eclipse.core.internal.resources.Workspace.prepareOperation(Workspace.java:2188)
	at org.eclipse.core.internal.resources.File.setContents(File.java:334)
	at org.eclipse.core.internal.resources.File.setContents(File.java:434)
	at org.scalaide.ui.internal.wizards.NewFileWizard.openFileInSrcDir$1(NewFileWizard.scala:367)
	at org.scalaide.ui.internal.wizards.NewFileWizard.openEditor(NewFileWizard.scala:375)
	at org.scalaide.ui.internal.wizards.NewFileWizard.$anonfun$okPressed$13(NewFileWizard.scala:287)
	at org.scalaide.ui.internal.wizards.NewFileWizard.$anonfun$okPressed$13$adapted(NewFileWizard.scala:283)
	at org.scalaide.ui.internal.wizards.NewFileWizard$$Lambda$1021/1892740151.apply(Unknown Source)
	at scala.Option.foreach(Option.scala:257)
	at org.scalaide.ui.internal.wizards.NewFileWizard.okPressed(NewFileWizard.scala:283)
	at org.scalaide.ui.internal.wizards.NewFileWizard.okPressed$(NewFileWizard.scala:230)
	at org.scalaide.ui.internal.wizards.NewFileWizardAdapter$$anon$1.okPressed(NewFileWizardAdapter.scala:28)
	at org.scalaide.ui.internal.wizards.NewFileWizardAdapter.performFinish(NewFileWizardAdapter.scala:55)
	at org.eclipse.jface.wizard.WizardDialog.finishPressed(WizardDialog.java:790)
	at org.eclipse.jface.wizard.WizardDialog.buttonPressed(WizardDialog.java:423)
	at org.eclipse.jface.dialogs.Dialog$2.widgetSelected(Dialog.java:618)
	at org.eclipse.swt.widgets.TypedListener.handleEvent(TypedListener.java:249)
	at org.eclipse.swt.widgets.EventTable.sendEvent(EventTable.java:84)
	at org.eclipse.swt.widgets.Display.sendEvent(Display.java:4256)
	at org.eclipse.swt.widgets.Widget.sendEvent(Widget.java:1501)
	at org.eclipse.swt.widgets.Widget.sendEvent(Widget.java:1524)
	at org.eclipse.swt.widgets.Widget.sendEvent(Widget.java:1509)
	at org.eclipse.swt.widgets.Widget.notifyListeners(Widget.java:1313)
	at org.eclipse.swt.widgets.Display.runDeferredEvents(Display.java:4080)
	at org.eclipse.swt.widgets.Display.readAndDispatch(Display.java:3706)
	at org.eclipse.jface.window.Window.runEventLoop(Window.java:818)
	at org.eclipse.jface.window.Window.open(Window.java:794)
	at org.eclipse.ui.internal.actions.NewWizardShortcutAction.run(NewWizardShortcutAction.java:133)
	at org.eclipse.jface.action.Action.runWithEvent(Action.java:473)
	at org.eclipse.jface.action.ActionContributionItem.handleWidgetSelection(ActionContributionItem.java:565)
	at org.eclipse.jface.action.ActionContributionItem.lambda$4(ActionContributionItem.java:397)
	at org.eclipse.jface.action.ActionContributionItem$$Lambda$68/1566345583.handleEvent(Unknown Source)
	at org.eclipse.swt.widgets.EventTable.sendEvent(EventTable.java:84)
	at org.eclipse.swt.widgets.Display.sendEvent(Display.java:4256)
	at org.eclipse.swt.widgets.Widget.sendEvent(Widget.java:1501)
	at org.eclipse.swt.widgets.Widget.sendEvent(Widget.java:1524)
	at org.eclipse.swt.widgets.Widget.sendEvent(Widget.java:1509)
	at org.eclipse.swt.widgets.Widget.notifyListeners(Widget.java:1313)
	at org.eclipse.swt.widgets.Display.runDeferredEvents(Display.java:4080)
	at org.eclipse.swt.widgets.Display.readAndDispatch(Display.java:3706)
	at org.eclipse.e4.ui.internal.workbench.swt.PartRenderingEngine$4.run(PartRenderingEngine.java:1121)
	at org.eclipse.core.databinding.observable.Realm.runWithDefault(Realm.java:336)
	at org.eclipse.e4.ui.internal.workbench.swt.PartRenderingEngine.run(PartRenderingEngine.java:1022)
	at org.eclipse.e4.ui.internal.workbench.E4Workbench.createAndRunUI(E4Workbench.java:150)
	at org.eclipse.ui.internal.Workbench$5.run(Workbench.java:693)
	at org.eclipse.core.databinding.observable.Realm.runWithDefault(Realm.java:336)
	at org.eclipse.ui.internal.Workbench.createAndRunWorkbench(Workbench.java:610)
	at org.eclipse.ui.PlatformUI.createAndRunWorkbench(PlatformUI.java:148)
	at org.eclipse.ui.internal.ide.application.IDEApplication.start(IDEApplication.java:138)
	at org.eclipse.equinox.internal.app.EclipseAppHandle.run(EclipseAppHandle.java:196)
	at org.eclipse.core.runtime.internal.adaptor.EclipseAppLauncher.runApplication(EclipseAppLauncher.java:134)
	at org.eclipse.core.runtime.internal.adaptor.EclipseAppLauncher.start(EclipseAppLauncher.java:104)
	at org.eclipse.core.runtime.adaptor.EclipseStarter.run(EclipseStarter.java:388)
	at org.eclipse.core.runtime.adaptor.EclipseStarter.run(EclipseStarter.java:243)
	at sun.reflect.NativeMethodAccessorImpl.invoke0(Native Method)
	at sun.reflect.NativeMethodAccessorImpl.invoke(NativeMethodAccessorImpl.java:62)
	at sun.reflect.DelegatingMethodAccessorImpl.invoke(DelegatingMethodAccessorImpl.java:43)
	at java.lang.reflect.Method.invoke(Method.java:497)
	at org.eclipse.equinox.launcher.Main.invokeFramework(Main.java:673)
	at org.eclipse.equinox.launcher.Main.basicRun(Main.java:610)
	at org.eclipse.equinox.launcher.Main.run(Main.java:1519)
2018-01-10 18:13:37,021  WARN [Worker-0] - ScalaProject - Project simple-scala has platform default sourceLevel.
2018-01-10 18:13:37,022  WARN [Worker-0] - ScalaProject - Project simple-scala runs on platform default installation.
2018-01-10 18:15:29,671  WARN [main] - org.scala-ide.sdt.core - org.scala-ide.sdt.core - org.scala-ide.sdt.core - 0 - Preference scala.compiler.sourceLevel was uninitialized for simple-scala, setting default to 2.12.
2018-01-10 21:21:33,413  WARN [ModalContext] - ScalaProject - Project simple-scala-sbt has platform default sourceLevel.
2018-01-10 21:21:33,417  WARN [ModalContext] - ScalaProject - Project simple-scala-sbt runs on platform default installation.
2018-01-10 21:21:33,485  WARN [ModalContext] - ScalaProject - Project simple-scala-sbt has platform default sourceLevel.
2018-01-10 21:21:33,485  WARN [ModalContext] - ScalaProject - Project simple-scala-sbt runs on platform default installation.
2018-01-10 21:21:34,361  WARN [Worker-70] - ScalaProject - Project simple-scala-sbt has platform default sourceLevel.
2018-01-10 21:21:34,361  WARN [Worker-70] - ScalaProject - Project simple-scala-sbt runs on platform default installation.
2018-01-10 21:39:57,964  WARN [ModalContext] - ScalaProject - Project wordCountStreamingNetwork has platform default sourceLevel.
2018-01-10 21:39:57,967  WARN [ModalContext] - ScalaProject - Project wordCountStreamingNetwork runs on platform default installation.
2018-01-10 21:39:57,967  WARN [ModalContext] - ScalaProject - Project wordCountStreamingNetwork has platform default sourceLevel.
2018-01-10 21:39:57,967  WARN [ModalContext] - ScalaProject - Project wordCountStreamingNetwork runs on platform default installation.
2018-01-10 21:39:58,696  WARN [ModalContext] - ScalaProject - Project wordCountStreamingNetwork has platform default sourceLevel.
2018-01-10 21:39:58,696  WARN [ModalContext] - ScalaProject - Project wordCountStreamingNetwork runs on platform default installation.
