2017-09-22 11:48:15,678 ERROR [main] - Statistics - Statistics file `/Users/khanhafizurrahman/.scalaide/statistics` is corrupted. A new one is being created. Corrupted content was:

com.cedarsoftware.util.io.JsonIoException: error parsing JSON value
	at com.cedarsoftware.util.io.JsonReader.readObject(JsonReader.java:529)
	at com.cedarsoftware.util.io.JsonReader.jsonToJava(JsonReader.java:289)
	at com.cedarsoftware.util.io.JsonReader.jsonToJava(JsonReader.java:262)
	at org.scalaide.core.internal.statistics.Statistics.read(Statistics.scala:74)
	at org.scalaide.core.internal.statistics.Statistics.$anonfun$readStats$1(Statistics.scala:52)
	at org.scalaide.core.internal.statistics.Statistics.$anonfun$readStats$1$adapted(Statistics.scala:51)
	at org.scalaide.core.internal.statistics.Statistics$$Lambda$349/1872074584.apply(Unknown Source)
	at org.scalaide.core.ScalaIdeDataStore$.$anonfun$validate$2(ScalaIdeDataStore.scala:59)
	at org.scalaide.core.ScalaIdeDataStore$$$Lambda$351/922448290.apply(Unknown Source)
	at org.scalaide.util.eclipse.EclipseUtils$$anon$3.run(EclipseUtils.scala:230)
	at org.eclipse.core.runtime.SafeRunner.run(SafeRunner.java:42)
	at org.scalaide.util.eclipse.EclipseUtils$.withSafeRunner(EclipseUtils.scala:226)
	at org.scalaide.core.ScalaIdeDataStore$.validate(ScalaIdeDataStore.scala:59)
	at org.scalaide.core.internal.statistics.Statistics.readStats(Statistics.scala:51)
	at org.scalaide.core.internal.statistics.Statistics.<init>(Statistics.scala:30)
	at org.scalaide.core.internal.ScalaPlugin.stats$lzycompute(ScalaPlugin.scala:137)
	at org.scalaide.core.internal.ScalaPlugin.stats(ScalaPlugin.scala:137)
	at org.scalaide.core.internal.ScalaPlugin.statistics(ScalaPlugin.scala:140)
	at org.scalaide.core.internal.ScalaPlugin.start(ScalaPlugin.scala:111)
	at org.eclipse.osgi.internal.framework.BundleContextImpl$3.run(BundleContextImpl.java:774)
	at org.eclipse.osgi.internal.framework.BundleContextImpl$3.run(BundleContextImpl.java:1)
	at java.security.AccessController.doPrivileged(Native Method)
	at org.eclipse.osgi.internal.framework.BundleContextImpl.startActivator(BundleContextImpl.java:767)
	at org.eclipse.osgi.internal.framework.BundleContextImpl.start(BundleContextImpl.java:724)
	at org.eclipse.osgi.internal.framework.EquinoxBundle.startWorker0(EquinoxBundle.java:932)
	at org.eclipse.osgi.internal.framework.EquinoxBundle$EquinoxModule.startWorker(EquinoxBundle.java:309)
	at org.eclipse.osgi.container.Module.doStart(Module.java:581)
	at org.eclipse.osgi.container.Module.start(Module.java:449)
	at org.eclipse.osgi.framework.util.SecureAction.start(SecureAction.java:470)
	at org.eclipse.osgi.internal.hooks.EclipseLazyStarter.postFindLocalClass(EclipseLazyStarter.java:107)
	at org.eclipse.osgi.internal.loader.classpath.ClasspathManager.findLocalClass(ClasspathManager.java:529)
	at org.eclipse.osgi.internal.loader.ModuleClassLoader.findLocalClass(ModuleClassLoader.java:325)
	at org.eclipse.osgi.internal.loader.BundleLoader.findLocalClass(BundleLoader.java:345)
	at org.eclipse.osgi.internal.loader.BundleLoader.findClassInternal(BundleLoader.java:423)
	at org.eclipse.osgi.internal.loader.BundleLoader.findClass(BundleLoader.java:372)
	at org.eclipse.osgi.internal.loader.BundleLoader.findClass(BundleLoader.java:364)
	at org.eclipse.osgi.internal.loader.ModuleClassLoader.loadClass(ModuleClassLoader.java:161)
	at java.lang.ClassLoader.loadClass(ClassLoader.java:357)
	at org.eclipse.osgi.internal.framework.EquinoxBundle.loadClass(EquinoxBundle.java:564)
	at org.eclipse.core.internal.registry.osgi.RegistryStrategyOSGI.createExecutableExtension(RegistryStrategyOSGI.java:174)
	at org.eclipse.core.internal.registry.ExtensionRegistry.createExecutableExtension(ExtensionRegistry.java:905)
	at org.eclipse.core.internal.registry.ConfigurationElement.createExecutableExtension(ConfigurationElement.java:243)
	at org.eclipse.core.internal.registry.ConfigurationElementHandle.createExecutableExtension(ConfigurationElementHandle.java:55)
	at org.eclipse.ui.internal.registry.PerspectiveDescriptor.createFactory(PerspectiveDescriptor.java:75)
	at org.eclipse.ui.internal.WorkbenchPage.createPerspective(WorkbenchPage.java:4159)
	at org.eclipse.ui.internal.WorkbenchPage.setPerspective(WorkbenchPage.java:4068)
	at org.eclipse.ui.internal.WorkbenchWindow.setup(WorkbenchWindow.java:738)
	at sun.reflect.NativeMethodAccessorImpl.invoke0(Native Method)
	at sun.reflect.NativeMethodAccessorImpl.invoke(NativeMethodAccessorImpl.java:62)
	at sun.reflect.DelegatingMethodAccessorImpl.invoke(DelegatingMethodAccessorImpl.java:43)
	at java.lang.reflect.Method.invoke(Method.java:497)
	at org.eclipse.e4.core.internal.di.MethodRequestor.execute(MethodRequestor.java:55)
	at org.eclipse.e4.core.internal.di.InjectorImpl.processAnnotated(InjectorImpl.java:966)
	at org.eclipse.e4.core.internal.di.InjectorImpl.inject(InjectorImpl.java:151)
	at org.eclipse.e4.core.internal.di.InjectorImpl.inject(InjectorImpl.java:118)
	at org.eclipse.e4.core.contexts.ContextInjectionFactory.inject(ContextInjectionFactory.java:73)
	at org.eclipse.ui.internal.Workbench.createWorkbenchWindow(Workbench.java:1531)
	at org.eclipse.ui.internal.Workbench.getActiveWorkbenchWindow(Workbench.java:1505)
	at org.eclipse.ui.internal.services.WorkbenchSourceProvider.updateActiveShell(WorkbenchSourceProvider.java:923)
	at org.eclipse.ui.internal.services.WorkbenchSourceProvider.getCurrentState(WorkbenchSourceProvider.java:117)
	at org.eclipse.ui.internal.services.WorkbenchSourceProvider$6.handleEvent(WorkbenchSourceProvider.java:683)
	at org.eclipse.swt.widgets.EventTable.sendEvent(EventTable.java:84)
	at org.eclipse.swt.widgets.Display.filterEvent(Display.java:1097)
	at org.eclipse.swt.widgets.Display.sendEvent(Display.java:4251)
	at org.eclipse.swt.widgets.Widget.sendEvent(Widget.java:1501)
	at org.eclipse.swt.widgets.Widget.sendEvent(Widget.java:1524)
	at org.eclipse.swt.widgets.Widget.sendEvent(Widget.java:1505)
	at org.eclipse.swt.widgets.Shell.windowDidBecomeKey(Shell.java:2229)
	at org.eclipse.swt.widgets.Display.windowProc(Display.java:5781)
	at org.eclipse.swt.internal.cocoa.OS.objc_msgSendSuper(Native Method)
	at org.eclipse.swt.widgets.Widget.callSuper(Widget.java:220)
	at org.eclipse.swt.widgets.Widget.becomeKeyWindow(Widget.java:381)
	at org.eclipse.swt.widgets.Shell.becomeKeyWindow(Shell.java:530)
	at org.eclipse.swt.widgets.Display.windowProc(Display.java:5597)
	at org.eclipse.swt.internal.cocoa.OS.objc_msgSend(Native Method)
	at org.eclipse.swt.internal.cocoa.NSWindow.makeKeyAndOrderFront(NSWindow.java:202)
	at org.eclipse.swt.widgets.Shell.makeKeyAndOrderFront(Shell.java:1312)
	at org.eclipse.swt.widgets.Shell.setWindowVisible(Shell.java:2019)
	at org.eclipse.swt.widgets.Shell.open(Shell.java:1372)
	at org.eclipse.e4.ui.workbench.renderers.swt.WBWRenderer.postProcess(WBWRenderer.java:805)
	at org.eclipse.e4.ui.internal.workbench.swt.PartRenderingEngine.safeCreateGui(PartRenderingEngine.java:669)
	at org.eclipse.e4.ui.internal.workbench.swt.PartRenderingEngine.safeCreateGui(PartRenderingEngine.java:757)
	at org.eclipse.e4.ui.internal.workbench.swt.PartRenderingEngine.access$0(PartRenderingEngine.java:728)
	at org.eclipse.e4.ui.internal.workbench.swt.PartRenderingEngine$2.run(PartRenderingEngine.java:722)
	at org.eclipse.core.runtime.SafeRunner.run(SafeRunner.java:42)
	at org.eclipse.e4.ui.internal.workbench.swt.PartRenderingEngine.createGui(PartRenderingEngine.java:706)
	at org.eclipse.e4.ui.internal.workbench.swt.PartRenderingEngine$4.run(PartRenderingEngine.java:1059)
	at org.eclipse.core.databinding.observable.Realm.runWithDefault(Realm.java:336)
	at org.eclipse.e4.ui.internal.workbench.swt.PartRenderingEngine.run(PartRenderingEngine.java:1022)
	at org.eclipse.e4.ui.internal.workbench.E4Workbench.createAndRunUI(E4Workbench.java:150)
	at org.eclipse.ui.internal.Workbench$5.run(Workbench.java:693)
	at org.eclipse.core.databinding.observable.Realm.runWithDefault(Realm.java:336)
	at org.eclipse.ui.internal.Workbench.createAndRunWorkbench(Workbench.java:610)
	at org.eclipse.ui.PlatformUI.createAndRunWorkbench(PlatformUI.java:148)
	at org.eclipse.ui.internal.ide.application.IDEApplication.start(IDEApplication.java:138)
	at org.eclipse.equinox.internal.app.EclipseAppHandle.run(EclipseAppHandle.java:196)
	at org.eclipse.core.runtime.internal.adaptor.EclipseAppLauncher.runApplication(EclipseAppLauncher.java:134)
	at org.eclipse.core.runtime.internal.adaptor.EclipseAppLauncher.start(EclipseAppLauncher.java:104)
	at org.eclipse.core.runtime.adaptor.EclipseStarter.run(EclipseStarter.java:388)
	at org.eclipse.core.runtime.adaptor.EclipseStarter.run(EclipseStarter.java:243)
	at sun.reflect.NativeMethodAccessorImpl.invoke0(Native Method)
	at sun.reflect.NativeMethodAccessorImpl.invoke(NativeMethodAccessorImpl.java:62)
	at sun.reflect.DelegatingMethodAccessorImpl.invoke(DelegatingMethodAccessorImpl.java:43)
	at java.lang.reflect.Method.invoke(Method.java:497)
	at org.eclipse.equinox.launcher.Main.invokeFramework(Main.java:673)
	at org.eclipse.equinox.launcher.Main.basicRun(Main.java:610)
	at org.eclipse.equinox.launcher.Main.run(Main.java:1519)
Caused by: com.cedarsoftware.util.io.JsonIoException: EOF reached prematurely
	at com.cedarsoftware.util.io.JsonParser.error(JsonParser.java:584)
	at com.cedarsoftware.util.io.JsonParser.readValue(JsonParser.java:278)
	at com.cedarsoftware.util.io.JsonReader.readObject(JsonReader.java:521)
	... 106 more
2017-09-22 11:48:40,762 ERROR [main] - System.err - log4j:WARN No appenders could be found for logger (org.eclipse.m2e.core.internal.project.registry.ProjectRegistryRefreshJob).
2017-09-22 11:48:40,763 ERROR [main] - System.err - log4j:WARN Please initialize the log4j system properly.
2017-09-22 11:51:33,577  WARN [main] - ScalaProject - Project examples has platform default sourceLevel.
2017-09-22 11:51:33,580  WARN [main] - ScalaProject - Project examples runs on platform default installation.
2017-09-22 11:51:33,830  WARN [main] - ScalaProject - Project examples has platform default sourceLevel.
2017-09-22 11:51:33,830  WARN [main] - ScalaProject - Project examples runs on platform default installation.
2017-09-22 11:51:34,201  WARN [Worker-9] - ScalaProject - Project examples has platform default sourceLevel.
2017-09-22 11:51:34,221  WARN [Worker-9] - ScalaProject - Project examples runs on platform default installation.
2017-09-22 11:51:54,034  WARN [Worker-9] - ScalaProject - Project examples has platform default sourceLevel.
2017-09-22 11:51:54,035  WARN [Worker-9] - ScalaProject - Project examples runs on platform default installation.
2017-09-22 11:54:25,129  WARN [Worker-7] - ScalaProject - Project examples has platform default sourceLevel.
2017-09-22 11:54:25,133  WARN [Worker-7] - ScalaProject - Project examples runs on platform default installation.
2017-09-22 11:54:25,311  WARN [Worker-9] - ScalaProject - Project examples has platform default sourceLevel.
2017-09-22 11:54:25,311  WARN [Worker-9] - ScalaProject - Project examples runs on platform default installation.
2017-09-22 11:54:25,988  WARN [Worker-9] - ScalaProject - Project examples has platform default sourceLevel.
2017-09-22 11:54:25,988  WARN [Worker-9] - ScalaProject - Project examples runs on platform default installation.
2017-09-22 11:55:04,744  WARN [Worker-2] - ScalaProject - Project examples has platform default sourceLevel.
2017-09-22 11:55:04,744  WARN [Worker-2] - ScalaProject - Project examples runs on platform default installation.
2017-09-22 11:55:05,394  WARN [Worker-2] - ScalaProject - Project examples has platform default sourceLevel.
2017-09-22 11:55:05,395  WARN [Worker-2] - ScalaProject - Project examples runs on platform default installation.
2017-09-22 11:55:43,413  WARN [main] - ScalaProject - Project examples has platform default sourceLevel.
2017-09-22 11:55:43,413  WARN [main] - ScalaProject - Project examples runs on platform default installation.
2017-09-22 11:56:16,815  WARN [Worker-11] - ScalaProject - Project examples has platform default sourceLevel.
2017-09-22 11:56:16,817  WARN [Worker-11] - ScalaProject - Project examples runs on platform default installation.
2017-09-22 11:56:17,214  WARN [Java indexing] - ScalaProject - Project examples has platform default sourceLevel.
2017-09-22 11:56:17,215  WARN [Java indexing] - ScalaProject - Project examples runs on platform default installation.
2017-09-22 11:56:17,897  WARN [Worker-11] - ScalaProject - Project examples has platform default sourceLevel.
2017-09-22 11:56:17,898  WARN [Worker-11] - ScalaProject - Project examples runs on platform default installation.
2017-09-22 11:56:19,464  WARN [Worker-11] - ScalaProject - Project examples has platform default sourceLevel.
2017-09-22 11:56:19,465  WARN [Worker-11] - ScalaProject - Project examples runs on platform default installation.
2017-09-22 11:56:21,339  WARN [Worker-11] - ScalaProject - Project examples has platform default sourceLevel.
2017-09-22 11:56:21,339  WARN [Worker-11] - ScalaProject - Project examples runs on platform default installation.
2017-09-22 11:56:23,205  WARN [Worker-12] - ScalaProject - Project examples has platform default sourceLevel.
2017-09-22 11:56:23,205  WARN [Worker-12] - ScalaProject - Project examples runs on platform default installation.
2017-09-22 11:56:23,859  WARN [Worker-12] - ScalaProject - Project examples has platform default sourceLevel.
2017-09-22 11:56:23,859  WARN [Worker-12] - ScalaProject - Project examples runs on platform default installation.
2017-09-22 12:06:18,640  WARN [Worker-17] - ScalaProject - Project examples has platform default sourceLevel.
2017-09-22 12:06:18,641  WARN [Worker-17] - ScalaProject - Project examples runs on platform default installation.
2017-09-22 12:49:16,098 ERROR [Text Viewer Hover Presenter] - IScalaPresentationCompiler$ - Ignoring InterruptException
2017-09-22 12:49:16,398 ERROR [Text Viewer Hover Presenter] - IScalaPresentationCompiler$ - Ignoring InterruptException
2017-09-22 12:49:16,399 ERROR [Text Viewer Hover Presenter] - IScalaPresentationCompiler$ - Ignoring InterruptException
2017-09-22 12:49:16,400 ERROR [Text Viewer Hover Presenter] - IScalaPresentationCompiler$ - Ignoring InterruptException
2017-09-22 15:03:51,871 ERROR [main] - Statistics - Statistics file `/Users/khanhafizurrahman/.scalaide/statistics` is corrupted. A new one is being created. Corrupted content was:

com.cedarsoftware.util.io.JsonIoException: error parsing JSON value
	at com.cedarsoftware.util.io.JsonReader.readObject(JsonReader.java:529)
	at com.cedarsoftware.util.io.JsonReader.jsonToJava(JsonReader.java:289)
	at com.cedarsoftware.util.io.JsonReader.jsonToJava(JsonReader.java:262)
	at org.scalaide.core.internal.statistics.Statistics.read(Statistics.scala:74)
	at org.scalaide.core.internal.statistics.Statistics.$anonfun$readStats$1(Statistics.scala:52)
	at org.scalaide.core.internal.statistics.Statistics.$anonfun$readStats$1$adapted(Statistics.scala:51)
	at org.scalaide.core.internal.statistics.Statistics$$Lambda$390/2032279768.apply(Unknown Source)
	at org.scalaide.core.ScalaIdeDataStore$.$anonfun$validate$2(ScalaIdeDataStore.scala:59)
	at org.scalaide.core.ScalaIdeDataStore$$$Lambda$392/497008957.apply(Unknown Source)
	at org.scalaide.util.eclipse.EclipseUtils$$anon$3.run(EclipseUtils.scala:230)
	at org.eclipse.core.runtime.SafeRunner.run(SafeRunner.java:42)
	at org.scalaide.util.eclipse.EclipseUtils$.withSafeRunner(EclipseUtils.scala:226)
	at org.scalaide.core.ScalaIdeDataStore$.validate(ScalaIdeDataStore.scala:59)
	at org.scalaide.core.internal.statistics.Statistics.readStats(Statistics.scala:51)
	at org.scalaide.core.internal.statistics.Statistics.<init>(Statistics.scala:30)
	at org.scalaide.core.internal.ScalaPlugin.stats$lzycompute(ScalaPlugin.scala:137)
	at org.scalaide.core.internal.ScalaPlugin.stats(ScalaPlugin.scala:137)
	at org.scalaide.core.internal.ScalaPlugin.statistics(ScalaPlugin.scala:140)
	at org.scalaide.core.internal.ScalaPlugin.start(ScalaPlugin.scala:111)
	at org.eclipse.osgi.internal.framework.BundleContextImpl$3.run(BundleContextImpl.java:774)
	at org.eclipse.osgi.internal.framework.BundleContextImpl$3.run(BundleContextImpl.java:1)
	at java.security.AccessController.doPrivileged(Native Method)
	at org.eclipse.osgi.internal.framework.BundleContextImpl.startActivator(BundleContextImpl.java:767)
	at org.eclipse.osgi.internal.framework.BundleContextImpl.start(BundleContextImpl.java:724)
	at org.eclipse.osgi.internal.framework.EquinoxBundle.startWorker0(EquinoxBundle.java:932)
	at org.eclipse.osgi.internal.framework.EquinoxBundle$EquinoxModule.startWorker(EquinoxBundle.java:309)
	at org.eclipse.osgi.container.Module.doStart(Module.java:581)
	at org.eclipse.osgi.container.Module.start(Module.java:449)
	at org.eclipse.osgi.framework.util.SecureAction.start(SecureAction.java:470)
	at org.eclipse.osgi.internal.hooks.EclipseLazyStarter.postFindLocalClass(EclipseLazyStarter.java:107)
	at org.eclipse.osgi.internal.loader.classpath.ClasspathManager.findLocalClass(ClasspathManager.java:529)
	at org.eclipse.osgi.internal.loader.ModuleClassLoader.findLocalClass(ModuleClassLoader.java:325)
	at org.eclipse.osgi.internal.loader.BundleLoader.findLocalClass(BundleLoader.java:345)
	at org.eclipse.osgi.internal.loader.BundleLoader.findClassInternal(BundleLoader.java:423)
	at org.eclipse.osgi.internal.loader.BundleLoader.findClass(BundleLoader.java:372)
	at org.eclipse.osgi.internal.loader.BundleLoader.findClass(BundleLoader.java:364)
	at org.eclipse.osgi.internal.loader.ModuleClassLoader.loadClass(ModuleClassLoader.java:161)
	at java.lang.ClassLoader.loadClass(ClassLoader.java:357)
	at org.eclipse.osgi.internal.framework.EquinoxBundle.loadClass(EquinoxBundle.java:564)
	at org.eclipse.core.internal.registry.osgi.RegistryStrategyOSGI.createExecutableExtension(RegistryStrategyOSGI.java:174)
	at org.eclipse.core.internal.registry.ExtensionRegistry.createExecutableExtension(ExtensionRegistry.java:905)
	at org.eclipse.core.internal.registry.ConfigurationElement.createExecutableExtension(ConfigurationElement.java:243)
	at org.eclipse.core.internal.registry.ConfigurationElementHandle.createExecutableExtension(ConfigurationElementHandle.java:55)
	at org.eclipse.jdt.internal.ui.filters.FilterDescriptor$1.run(FilterDescriptor.java:135)
	at org.eclipse.core.runtime.SafeRunner.run(SafeRunner.java:42)
	at org.eclipse.jdt.internal.ui.filters.FilterDescriptor.createViewerFilter(FilterDescriptor.java:139)
	at org.eclipse.jdt.ui.actions.CustomFiltersActionGroup$FilterItem.getFilterInstance(CustomFiltersActionGroup.java:187)
	at org.eclipse.jdt.ui.actions.CustomFiltersActionGroup.updateViewerFilters(CustomFiltersActionGroup.java:517)
	at org.eclipse.jdt.ui.actions.CustomFiltersActionGroup.<init>(CustomFiltersActionGroup.java:275)
	at org.eclipse.jdt.ui.actions.CustomFiltersActionGroup.<init>(CustomFiltersActionGroup.java:241)
	at org.eclipse.jdt.internal.ui.packageview.PackageExplorerActionGroup.<init>(PackageExplorerActionGroup.java:149)
	at org.eclipse.jdt.internal.ui.packageview.PackageExplorerPart.makeActions(PackageExplorerPart.java:800)
	at org.eclipse.jdt.internal.ui.packageview.PackageExplorerPart.createPartControl(PackageExplorerPart.java:506)
	at org.eclipse.ui.internal.e4.compatibility.CompatibilityPart.createPartControl(CompatibilityPart.java:150)
	at org.eclipse.ui.internal.e4.compatibility.CompatibilityView.createPartControl(CompatibilityView.java:143)
	at org.eclipse.ui.internal.e4.compatibility.CompatibilityPart.create(CompatibilityPart.java:340)
	at sun.reflect.NativeMethodAccessorImpl.invoke0(Native Method)
	at sun.reflect.NativeMethodAccessorImpl.invoke(NativeMethodAccessorImpl.java:62)
	at sun.reflect.DelegatingMethodAccessorImpl.invoke(DelegatingMethodAccessorImpl.java:43)
	at java.lang.reflect.Method.invoke(Method.java:497)
	at org.eclipse.e4.core.internal.di.MethodRequestor.execute(MethodRequestor.java:55)
	at org.eclipse.e4.core.internal.di.InjectorImpl.processAnnotated(InjectorImpl.java:966)
	at org.eclipse.e4.core.internal.di.InjectorImpl.processAnnotated(InjectorImpl.java:931)
	at org.eclipse.e4.core.internal.di.InjectorImpl.inject(InjectorImpl.java:151)
	at org.eclipse.e4.core.internal.di.InjectorImpl.internalMake(InjectorImpl.java:375)
	at org.eclipse.e4.core.internal.di.InjectorImpl.make(InjectorImpl.java:294)
	at org.eclipse.e4.core.contexts.ContextInjectionFactory.make(ContextInjectionFactory.java:162)
	at org.eclipse.e4.ui.internal.workbench.ReflectionContributionFactory.createFromBundle(ReflectionContributionFactory.java:105)
	at org.eclipse.e4.ui.internal.workbench.ReflectionContributionFactory.doCreate(ReflectionContributionFactory.java:74)
	at org.eclipse.e4.ui.internal.workbench.ReflectionContributionFactory.create(ReflectionContributionFactory.java:56)
	at org.eclipse.e4.ui.workbench.renderers.swt.ContributedPartRenderer.createWidget(ContributedPartRenderer.java:129)
	at org.eclipse.e4.ui.internal.workbench.swt.PartRenderingEngine.createWidget(PartRenderingEngine.java:975)
	at org.eclipse.e4.ui.internal.workbench.swt.PartRenderingEngine.safeCreateGui(PartRenderingEngine.java:651)
	at org.eclipse.e4.ui.internal.workbench.swt.PartRenderingEngine$1.run(PartRenderingEngine.java:536)
	at org.eclipse.core.runtime.SafeRunner.run(SafeRunner.java:42)
	at org.eclipse.e4.ui.internal.workbench.swt.PartRenderingEngine.createGui(PartRenderingEngine.java:520)
	at org.eclipse.e4.ui.workbench.renderers.swt.ElementReferenceRenderer.createWidget(ElementReferenceRenderer.java:70)
	at org.eclipse.e4.ui.internal.workbench.swt.PartRenderingEngine.createWidget(PartRenderingEngine.java:975)
	at org.eclipse.e4.ui.internal.workbench.swt.PartRenderingEngine.safeCreateGui(PartRenderingEngine.java:651)
	at org.eclipse.e4.ui.internal.workbench.swt.PartRenderingEngine.safeCreateGui(PartRenderingEngine.java:757)
	at org.eclipse.e4.ui.internal.workbench.swt.PartRenderingEngine.access$0(PartRenderingEngine.java:728)
	at org.eclipse.e4.ui.internal.workbench.swt.PartRenderingEngine$2.run(PartRenderingEngine.java:722)
	at org.eclipse.core.runtime.SafeRunner.run(SafeRunner.java:42)
	at org.eclipse.e4.ui.internal.workbench.swt.PartRenderingEngine.createGui(PartRenderingEngine.java:706)
	at org.eclipse.e4.ui.workbench.renderers.swt.StackRenderer.showTab(StackRenderer.java:1324)
	at org.eclipse.e4.ui.workbench.renderers.swt.LazyStackRenderer.postProcess(LazyStackRenderer.java:103)
	at org.eclipse.e4.ui.internal.workbench.swt.PartRenderingEngine.safeCreateGui(PartRenderingEngine.java:669)
	at org.eclipse.e4.ui.internal.workbench.swt.PartRenderingEngine.safeCreateGui(PartRenderingEngine.java:757)
	at org.eclipse.e4.ui.internal.workbench.swt.PartRenderingEngine.access$0(PartRenderingEngine.java:728)
	at org.eclipse.e4.ui.internal.workbench.swt.PartRenderingEngine$2.run(PartRenderingEngine.java:722)
	at org.eclipse.core.runtime.SafeRunner.run(SafeRunner.java:42)
	at org.eclipse.e4.ui.internal.workbench.swt.PartRenderingEngine.createGui(PartRenderingEngine.java:706)
	at org.eclipse.e4.ui.workbench.renderers.swt.SWTPartRenderer.processContents(SWTPartRenderer.java:70)
	at org.eclipse.e4.ui.workbench.renderers.swt.SashRenderer.processContents(SashRenderer.java:142)
	at org.eclipse.e4.ui.internal.workbench.swt.PartRenderingEngine.safeCreateGui(PartRenderingEngine.java:665)
	at org.eclipse.e4.ui.internal.workbench.swt.PartRenderingEngine.safeCreateGui(PartRenderingEngine.java:757)
	at org.eclipse.e4.ui.internal.workbench.swt.PartRenderingEngine.access$0(PartRenderingEngine.java:728)
	at org.eclipse.e4.ui.internal.workbench.swt.PartRenderingEngine$2.run(PartRenderingEngine.java:722)
	at org.eclipse.core.runtime.SafeRunner.run(SafeRunner.java:42)
	at org.eclipse.e4.ui.internal.workbench.swt.PartRenderingEngine.createGui(PartRenderingEngine.java:706)
	at org.eclipse.e4.ui.workbench.renderers.swt.SWTPartRenderer.processContents(SWTPartRenderer.java:70)
	at org.eclipse.e4.ui.workbench.renderers.swt.PerspectiveRenderer.processContents(PerspectiveRenderer.java:49)
	at org.eclipse.e4.ui.internal.workbench.swt.PartRenderingEngine.safeCreateGui(PartRenderingEngine.java:665)
	at org.eclipse.e4.ui.internal.workbench.swt.PartRenderingEngine.safeCreateGui(PartRenderingEngine.java:757)
	at org.eclipse.e4.ui.internal.workbench.swt.PartRenderingEngine.access$0(PartRenderingEngine.java:728)
	at org.eclipse.e4.ui.internal.workbench.swt.PartRenderingEngine$2.run(PartRenderingEngine.java:722)
	at org.eclipse.core.runtime.SafeRunner.run(SafeRunner.java:42)
	at org.eclipse.e4.ui.internal.workbench.swt.PartRenderingEngine.createGui(PartRenderingEngine.java:706)
	at org.eclipse.e4.ui.workbench.renderers.swt.PerspectiveStackRenderer.showTab(PerspectiveStackRenderer.java:82)
	at org.eclipse.e4.ui.workbench.renderers.swt.LazyStackRenderer.postProcess(LazyStackRenderer.java:103)
	at org.eclipse.e4.ui.workbench.renderers.swt.PerspectiveStackRenderer.postProcess(PerspectiveStackRenderer.java:63)
	at org.eclipse.e4.ui.internal.workbench.swt.PartRenderingEngine.safeCreateGui(PartRenderingEngine.java:669)
	at org.eclipse.e4.ui.internal.workbench.swt.PartRenderingEngine.safeCreateGui(PartRenderingEngine.java:757)
	at org.eclipse.e4.ui.internal.workbench.swt.PartRenderingEngine.access$0(PartRenderingEngine.java:728)
	at org.eclipse.e4.ui.internal.workbench.swt.PartRenderingEngine$2.run(PartRenderingEngine.java:722)
	at org.eclipse.core.runtime.SafeRunner.run(SafeRunner.java:42)
	at org.eclipse.e4.ui.internal.workbench.swt.PartRenderingEngine.createGui(PartRenderingEngine.java:706)
	at org.eclipse.e4.ui.workbench.renderers.swt.SWTPartRenderer.processContents(SWTPartRenderer.java:70)
	at org.eclipse.e4.ui.workbench.renderers.swt.SashRenderer.processContents(SashRenderer.java:142)
	at org.eclipse.e4.ui.internal.workbench.swt.PartRenderingEngine.safeCreateGui(PartRenderingEngine.java:665)
	at org.eclipse.e4.ui.internal.workbench.swt.PartRenderingEngine.safeCreateGui(PartRenderingEngine.java:757)
	at org.eclipse.e4.ui.internal.workbench.swt.PartRenderingEngine.access$0(PartRenderingEngine.java:728)
	at org.eclipse.e4.ui.internal.workbench.swt.PartRenderingEngine$2.run(PartRenderingEngine.java:722)
	at org.eclipse.core.runtime.SafeRunner.run(SafeRunner.java:42)
	at org.eclipse.e4.ui.internal.workbench.swt.PartRenderingEngine.createGui(PartRenderingEngine.java:706)
	at org.eclipse.e4.ui.workbench.renderers.swt.SWTPartRenderer.processContents(SWTPartRenderer.java:70)
	at org.eclipse.e4.ui.workbench.renderers.swt.WBWRenderer.processContents(WBWRenderer.java:725)
	at org.eclipse.e4.ui.internal.workbench.swt.PartRenderingEngine.safeCreateGui(PartRenderingEngine.java:665)
	at org.eclipse.e4.ui.internal.workbench.swt.PartRenderingEngine.safeCreateGui(PartRenderingEngine.java:757)
	at org.eclipse.e4.ui.internal.workbench.swt.PartRenderingEngine.access$0(PartRenderingEngine.java:728)
	at org.eclipse.e4.ui.internal.workbench.swt.PartRenderingEngine$2.run(PartRenderingEngine.java:722)
	at org.eclipse.core.runtime.SafeRunner.run(SafeRunner.java:42)
	at org.eclipse.e4.ui.internal.workbench.swt.PartRenderingEngine.createGui(PartRenderingEngine.java:706)
	at org.eclipse.e4.ui.internal.workbench.swt.PartRenderingEngine$4.run(PartRenderingEngine.java:1059)
	at org.eclipse.core.databinding.observable.Realm.runWithDefault(Realm.java:336)
	at org.eclipse.e4.ui.internal.workbench.swt.PartRenderingEngine.run(PartRenderingEngine.java:1022)
	at org.eclipse.e4.ui.internal.workbench.E4Workbench.createAndRunUI(E4Workbench.java:150)
	at org.eclipse.ui.internal.Workbench$5.run(Workbench.java:693)
	at org.eclipse.core.databinding.observable.Realm.runWithDefault(Realm.java:336)
	at org.eclipse.ui.internal.Workbench.createAndRunWorkbench(Workbench.java:610)
	at org.eclipse.ui.PlatformUI.createAndRunWorkbench(PlatformUI.java:148)
	at org.eclipse.ui.internal.ide.application.IDEApplication.start(IDEApplication.java:138)
	at org.eclipse.equinox.internal.app.EclipseAppHandle.run(EclipseAppHandle.java:196)
	at org.eclipse.core.runtime.internal.adaptor.EclipseAppLauncher.runApplication(EclipseAppLauncher.java:134)
	at org.eclipse.core.runtime.internal.adaptor.EclipseAppLauncher.start(EclipseAppLauncher.java:104)
	at org.eclipse.core.runtime.adaptor.EclipseStarter.run(EclipseStarter.java:388)
	at org.eclipse.core.runtime.adaptor.EclipseStarter.run(EclipseStarter.java:243)
	at sun.reflect.NativeMethodAccessorImpl.invoke0(Native Method)
	at sun.reflect.NativeMethodAccessorImpl.invoke(NativeMethodAccessorImpl.java:62)
	at sun.reflect.DelegatingMethodAccessorImpl.invoke(DelegatingMethodAccessorImpl.java:43)
	at java.lang.reflect.Method.invoke(Method.java:497)
	at org.eclipse.equinox.launcher.Main.invokeFramework(Main.java:673)
	at org.eclipse.equinox.launcher.Main.basicRun(Main.java:610)
	at org.eclipse.equinox.launcher.Main.run(Main.java:1519)
Caused by: com.cedarsoftware.util.io.JsonIoException: EOF reached prematurely
	at com.cedarsoftware.util.io.JsonParser.error(JsonParser.java:584)
	at com.cedarsoftware.util.io.JsonParser.readValue(JsonParser.java:278)
	at com.cedarsoftware.util.io.JsonReader.readObject(JsonReader.java:521)
	... 153 more
2017-09-22 15:03:53,044  WARN [main] - ScalaProject - Project examples has platform default sourceLevel.
2017-09-22 15:03:53,045  WARN [main] - ScalaProject - Project examples runs on platform default installation.
2017-09-22 15:03:53,051  WARN [main] - ScalaProject - Project examples has platform default sourceLevel.
2017-09-22 15:03:53,051  WARN [main] - ScalaProject - Project examples runs on platform default installation.
2017-09-22 15:04:01,754 ERROR [Worker-10] - System.err - log4j:WARN No appenders could be found for logger (org.eclipse.jgit.util.FS).
2017-09-22 15:04:01,755 ERROR [Worker-10] - System.err - log4j:WARN Please initialize the log4j system properly.
2017-09-22 15:13:58,111  WARN [Worker-10] - ScalaProject - Project examples has platform default sourceLevel.
2017-09-22 15:13:58,113  WARN [Worker-10] - ScalaProject - Project examples runs on platform default installation.
2017-09-22 15:44:50,957  WARN [ModalContext] - ScalaProject - Project hello has platform default sourceLevel.
2017-09-22 15:44:50,960  WARN [ModalContext] - ScalaProject - Project hello runs on platform default installation.
2017-09-22 15:44:51,513  WARN [Worker-21] - ScalaProject - Project hello has platform default sourceLevel.
2017-09-22 15:44:51,514  WARN [Worker-21] - ScalaProject - Project hello runs on platform default installation.
2017-09-22 15:45:06,906  WARN [Worker-25] - ScalaProject - Project hello has platform default sourceLevel.
2017-09-22 15:45:06,906  WARN [Worker-25] - ScalaProject - Project hello runs on platform default installation.
2017-09-22 15:45:30,621  WARN [main] - ScalaProject - Project hello has platform default sourceLevel.
2017-09-22 15:45:30,621  WARN [main] - ScalaProject - Project hello runs on platform default installation.
2017-09-22 15:45:40,965  WARN [main] - ScalaProject - Project hello has platform default sourceLevel.
2017-09-22 15:45:40,965  WARN [main] - ScalaProject - Project hello runs on platform default installation.
2017-09-22 15:45:41,169  WARN [Worker-24] - ScalaProject - Project hello has platform default sourceLevel.
2017-09-22 15:45:41,169  WARN [Worker-24] - ScalaProject - Project hello runs on platform default installation.
2017-09-22 15:47:10,777  WARN [Worker-25] - ScalaProject - Project hello has platform default sourceLevel.
2017-09-22 15:47:10,778  WARN [Worker-25] - ScalaProject - Project hello runs on platform default installation.
2017-09-23 16:38:18,462 ERROR [Text Viewer Hover Presenter] - IScalaPresentationCompiler$ - Ignoring InterruptException
2017-09-23 16:38:18,474 ERROR [Text Viewer Hover Presenter] - IScalaPresentationCompiler$ - Ignoring InterruptException
2017-09-23 16:38:18,476 ERROR [Text Viewer Hover Presenter] - IScalaPresentationCompiler$ - Ignoring InterruptException
2017-09-25 10:01:04,549  WARN [ModalContext] - ScalaProject - Project StreamingExample has platform default sourceLevel.
2017-09-25 10:01:04,552  WARN [ModalContext] - ScalaProject - Project StreamingExample runs on platform default installation.
2017-09-25 10:01:08,052  WARN [Worker-359] - ScalaProject - Project StreamingExample has platform default sourceLevel.
2017-09-25 10:01:08,052  WARN [Worker-359] - ScalaProject - Project StreamingExample runs on platform default installation.
2017-09-25 10:01:25,599  WARN [main] - ScalaProject - Project StreamingExample has platform default sourceLevel.
2017-09-25 10:01:25,599  WARN [main] - ScalaProject - Project StreamingExample runs on platform default installation.
2017-09-25 10:01:34,663  WARN [main] - ScalaProject - Project StreamingExample has platform default sourceLevel.
2017-09-25 10:01:34,663  WARN [main] - ScalaProject - Project StreamingExample runs on platform default installation.
2017-09-25 10:01:34,829  WARN [Worker-347] - ScalaProject - Project StreamingExample has platform default sourceLevel.
2017-09-25 10:01:34,829  WARN [Worker-347] - ScalaProject - Project StreamingExample runs on platform default installation.
2017-09-25 10:01:56,629  WARN [Worker-356] - ScalaProject - Project StreamingExample has platform default sourceLevel.
2017-09-25 10:01:56,629  WARN [Worker-356] - ScalaProject - Project StreamingExample runs on platform default installation.
2017-09-25 10:02:17,740  WARN [Worker-360] - ScalaProject - Project StreamingExample has platform default sourceLevel.
2017-09-25 10:02:17,740  WARN [Worker-360] - ScalaProject - Project StreamingExample runs on platform default installation.
2017-09-25 10:02:32,436  WARN [main] - ScalaProject - Project StreamingExample has platform default sourceLevel.
2017-09-25 10:02:32,436  WARN [main] - ScalaProject - Project StreamingExample runs on platform default installation.
2017-09-25 10:02:39,451  WARN [main] - ScalaProject - Project StreamingExample has platform default sourceLevel.
2017-09-25 10:02:39,451  WARN [main] - ScalaProject - Project StreamingExample runs on platform default installation.
2017-09-25 10:02:39,595  WARN [Worker-354] - ScalaProject - Project StreamingExample has platform default sourceLevel.
2017-09-25 10:02:39,595  WARN [Worker-354] - ScalaProject - Project StreamingExample runs on platform default installation.
2017-09-25 10:32:35,586  WARN [Worker-356] - ScalaProject - Project StreamingExample has platform default sourceLevel.
2017-09-25 10:32:35,588  WARN [Worker-356] - ScalaProject - Project StreamingExample runs on platform default installation.
2017-09-25 12:47:16,582  WARN [ModalContext] - ScalaProject - Project SimpleApp has platform default sourceLevel.
2017-09-25 12:47:16,585  WARN [ModalContext] - ScalaProject - Project SimpleApp runs on platform default installation.
2017-09-25 12:47:16,587  WARN [ModalContext] - ScalaProject - Project SimpleApp has platform default sourceLevel.
2017-09-25 12:47:16,587  WARN [ModalContext] - ScalaProject - Project SimpleApp runs on platform default installation.
2017-09-25 12:47:17,966  WARN [ModalContext] - ScalaProject - Project SimpleApp has platform default sourceLevel.
2017-09-25 12:47:17,967  WARN [ModalContext] - ScalaProject - Project SimpleApp runs on platform default installation.
2017-09-25 12:47:53,777  WARN [main] - ScalaProject - Project SimpleApp has platform default sourceLevel.
2017-09-25 12:47:53,778  WARN [main] - ScalaProject - Project SimpleApp runs on platform default installation.
2017-09-25 12:47:56,633  WARN [main] - ScalaProject - Project SimpleApp has platform default sourceLevel.
2017-09-25 12:47:56,633  WARN [main] - ScalaProject - Project SimpleApp runs on platform default installation.
2017-09-25 13:11:28,152  WARN [main] - ScalaProject - Project SimpleApp has platform default sourceLevel.
2017-09-25 13:11:28,154  WARN [main] - ScalaProject - Project SimpleApp runs on platform default installation.
2017-09-25 13:11:30,229  WARN [main] - ScalaProject - Project SimpleApp has platform default sourceLevel.
2017-09-25 13:11:30,230  WARN [main] - ScalaProject - Project SimpleApp runs on platform default installation.
2017-09-25 15:10:46,765  WARN [org.scalaide.ui.internal.reconciliation.ScalaReconciler] - ScalaProject - Project SimpleApp has platform default sourceLevel.
2017-09-25 15:10:46,767  WARN [org.scalaide.ui.internal.reconciliation.ScalaReconciler] - ScalaProject - Project SimpleApp runs on platform default installation.
2017-09-25 15:10:46,777  WARN [org.scalaide.ui.internal.reconciliation.ScalaReconciler] - ScalaProject - Project SimpleApp has platform default sourceLevel.
2017-09-25 15:10:46,777  WARN [org.scalaide.ui.internal.reconciliation.ScalaReconciler] - ScalaProject - Project SimpleApp runs on platform default installation.
2017-09-25 15:10:46,779  WARN [org.scalaide.ui.internal.reconciliation.ScalaReconciler] - ScalaProject - Project SimpleApp has platform default sourceLevel.
2017-09-25 15:10:46,779  WARN [org.scalaide.ui.internal.reconciliation.ScalaReconciler] - ScalaProject - Project SimpleApp runs on platform default installation.
2017-09-25 15:10:46,780  WARN [org.scalaide.ui.internal.reconciliation.ScalaReconciler] - ScalaProject - Project SimpleApp has platform default sourceLevel.
2017-09-25 15:10:46,780  WARN [org.scalaide.ui.internal.reconciliation.ScalaReconciler] - ScalaProject - Project SimpleApp runs on platform default installation.
2017-09-25 15:10:46,782  WARN [org.scalaide.ui.internal.reconciliation.ScalaReconciler] - ScalaProject - Project SimpleApp has platform default sourceLevel.
2017-09-25 15:10:46,782  WARN [org.scalaide.ui.internal.reconciliation.ScalaReconciler] - ScalaProject - Project SimpleApp runs on platform default installation.
2017-09-25 15:10:46,784  WARN [org.scalaide.ui.internal.reconciliation.ScalaReconciler] - ScalaProject - Project SimpleApp has platform default sourceLevel.
2017-09-25 15:10:46,785  WARN [org.scalaide.ui.internal.reconciliation.ScalaReconciler] - ScalaProject - Project SimpleApp runs on platform default installation.
2017-09-25 15:10:47,028 ERROR [main] - org.scala-ide.sdt.core - org.scala-ide.sdt.core - org.scala-ide.sdt.core - 0 - Error thrown while initializing the presentation compiler.
Java Model Exception: Java Model Status [SimpleApp does not exist]
	at org.eclipse.jdt.internal.core.JavaElement.newNotPresentException(JavaElement.java:556)
	at org.eclipse.jdt.internal.core.JavaModelManager.getPerProjectInfoCheckExistence(JavaModelManager.java:2378)
	at org.eclipse.jdt.internal.core.JavaProject.getPerProjectInfo(JavaProject.java:1909)
	at org.eclipse.jdt.internal.core.JavaProject.getRawClasspath(JavaProject.java:1931)
	at org.scalaide.core.internal.project.ClasspathManagement.jdkPaths(ClasspathManagement.scala:147)
	at org.scalaide.core.internal.project.ClasspathManagement.jdkPaths$(ClasspathManagement.scala:146)
	at org.scalaide.core.internal.project.ScalaProject.jdkPaths(ScalaProject.scala:150)
	at org.scalaide.core.internal.project.ClasspathManagement.scalaClasspath(ClasspathManagement.scala:134)
	at org.scalaide.core.internal.project.ClasspathManagement.scalaClasspath$(ClasspathManagement.scala:133)
	at org.scalaide.core.internal.project.ScalaProject.scalaClasspath(ScalaProject.scala:150)
	at org.scalaide.core.internal.project.ScalaProject.setupCompilerClasspath(ScalaProject.scala:498)
	at org.scalaide.core.internal.project.ScalaProject.initializeCompilerSettings(ScalaProject.scala:485)
	at org.scalaide.core.internal.project.ScalaProject.prepareCompilerSettings(ScalaProject.scala:438)
	at org.scalaide.core.internal.project.ScalaProject.$anonfun$presentationCompiler$1(ScalaProject.scala:162)
	at org.scalaide.core.internal.project.ScalaProject$$Lambda$361/1980495760.apply(Unknown Source)
	at org.scalaide.core.internal.compiler.PresentationCompilerProxy.liftedTree1$1(PresentationCompilerProxy.scala:154)
	at org.scalaide.core.internal.compiler.PresentationCompilerProxy.create(PresentationCompilerProxy.scala:153)
	at org.scalaide.core.internal.compiler.PresentationCompilerProxy.initialize(PresentationCompilerProxy.scala:118)
	at org.scalaide.core.internal.compiler.PresentationCompilerProxy.obtainPc$1(PresentationCompilerProxy.scala:80)
	at org.scalaide.core.internal.compiler.PresentationCompilerProxy.internal(PresentationCompilerProxy.scala:100)
	at org.scalaide.core.internal.compiler.PresentationCompilerProxy.apply(PresentationCompilerProxy.scala:58)
	at org.scalaide.core.compiler.InteractiveCompilationUnit.forceReconcile(InteractiveCompilationUnit.scala:150)
	at org.scalaide.core.compiler.InteractiveCompilationUnit.forceReconcile$(InteractiveCompilationUnit.scala:149)
	at org.scalaide.core.internal.jdt.model.ScalaSourceFile.forceReconcile(ScalaSourceFile.scala:71)
	at org.scalaide.ui.internal.reconciliation.ScalaReconcilingStrategy.handleReconciliation(ScalaReconcilingStrategy.scala:54)
	at org.scalaide.ui.internal.reconciliation.ScalaReconcilingStrategy.reconcile(ScalaReconcilingStrategy.scala:39)
	at org.eclipse.jdt.internal.ui.text.CompositeReconcilingStrategy.reconcile(CompositeReconcilingStrategy.java:77)
	at org.eclipse.jface.text.reconciler.MonoReconciler.process(MonoReconciler.java:69)
	at org.eclipse.jface.text.reconciler.AbstractReconciler$BackgroundThread.run(AbstractReconciler.java:207)
2017-09-25 15:10:47,030 ERROR [main] - org.scala-ide.sdt.core - org.scala-ide.sdt.core - org.scala-ide.sdt.core - 0 - Error thrown while initializing the presentation compiler.
Java Model Exception: Java Model Status [SimpleApp does not exist]
	at org.eclipse.jdt.internal.core.JavaElement.newNotPresentException(JavaElement.java:556)
	at org.eclipse.jdt.internal.core.JavaModelManager.getPerProjectInfoCheckExistence(JavaModelManager.java:2378)
	at org.eclipse.jdt.internal.core.JavaProject.getPerProjectInfo(JavaProject.java:1909)
	at org.eclipse.jdt.internal.core.JavaProject.getRawClasspath(JavaProject.java:1931)
	at org.scalaide.core.internal.project.ClasspathManagement.jdkPaths(ClasspathManagement.scala:147)
	at org.scalaide.core.internal.project.ClasspathManagement.jdkPaths$(ClasspathManagement.scala:146)
	at org.scalaide.core.internal.project.ScalaProject.jdkPaths(ScalaProject.scala:150)
	at org.scalaide.core.internal.project.ClasspathManagement.scalaClasspath(ClasspathManagement.scala:134)
	at org.scalaide.core.internal.project.ClasspathManagement.scalaClasspath$(ClasspathManagement.scala:133)
	at org.scalaide.core.internal.project.ScalaProject.scalaClasspath(ScalaProject.scala:150)
	at org.scalaide.core.internal.project.ScalaProject.setupCompilerClasspath(ScalaProject.scala:498)
	at org.scalaide.core.internal.project.ScalaProject.initializeCompilerSettings(ScalaProject.scala:485)
	at org.scalaide.core.internal.project.ScalaProject.prepareCompilerSettings(ScalaProject.scala:438)
	at org.scalaide.core.internal.project.ScalaProject.$anonfun$presentationCompiler$1(ScalaProject.scala:162)
	at org.scalaide.core.internal.project.ScalaProject$$Lambda$361/1980495760.apply(Unknown Source)
	at org.scalaide.core.internal.compiler.PresentationCompilerProxy.liftedTree1$1(PresentationCompilerProxy.scala:154)
	at org.scalaide.core.internal.compiler.PresentationCompilerProxy.create(PresentationCompilerProxy.scala:153)
	at org.scalaide.core.internal.compiler.PresentationCompilerProxy.initialize(PresentationCompilerProxy.scala:118)
	at org.scalaide.core.internal.compiler.PresentationCompilerProxy.obtainPc$1(PresentationCompilerProxy.scala:80)
	at org.scalaide.core.internal.compiler.PresentationCompilerProxy.internal(PresentationCompilerProxy.scala:100)
	at org.scalaide.core.internal.compiler.PresentationCompilerProxy.apply(PresentationCompilerProxy.scala:58)
	at org.scalaide.core.compiler.InteractiveCompilationUnit.currentProblems(InteractiveCompilationUnit.scala:183)
	at org.scalaide.core.compiler.InteractiveCompilationUnit.currentProblems$(InteractiveCompilationUnit.scala:180)
	at org.scalaide.core.internal.jdt.model.ScalaSourceFile.currentProblems(ScalaSourceFile.scala:71)
	at org.scalaide.core.compiler.InteractiveCompilationUnit.forceReconcile(InteractiveCompilationUnit.scala:151)
	at org.scalaide.core.compiler.InteractiveCompilationUnit.forceReconcile$(InteractiveCompilationUnit.scala:149)
	at org.scalaide.core.internal.jdt.model.ScalaSourceFile.forceReconcile(ScalaSourceFile.scala:71)
	at org.scalaide.ui.internal.reconciliation.ScalaReconcilingStrategy.handleReconciliation(ScalaReconcilingStrategy.scala:54)
	at org.scalaide.ui.internal.reconciliation.ScalaReconcilingStrategy.reconcile(ScalaReconcilingStrategy.scala:39)
	at org.eclipse.jdt.internal.ui.text.CompositeReconcilingStrategy.reconcile(CompositeReconcilingStrategy.java:77)
	at org.eclipse.jface.text.reconciler.MonoReconciler.process(MonoReconciler.java:69)
	at org.eclipse.jface.text.reconciler.AbstractReconciler$BackgroundThread.run(AbstractReconciler.java:207)
2017-09-25 15:10:47,031 ERROR [main] - org.scala-ide.sdt.core - org.scala-ide.sdt.core - org.scala-ide.sdt.core - 0 - Error thrown while initializing the presentation compiler.
Java Model Exception: Java Model Status [SimpleApp does not exist]
	at org.eclipse.jdt.internal.core.JavaElement.newNotPresentException(JavaElement.java:556)
	at org.eclipse.jdt.internal.core.JavaModelManager.getPerProjectInfoCheckExistence(JavaModelManager.java:2378)
	at org.eclipse.jdt.internal.core.JavaProject.getPerProjectInfo(JavaProject.java:1909)
	at org.eclipse.jdt.internal.core.JavaProject.getRawClasspath(JavaProject.java:1931)
	at org.scalaide.core.internal.project.ClasspathManagement.jdkPaths(ClasspathManagement.scala:147)
	at org.scalaide.core.internal.project.ClasspathManagement.jdkPaths$(ClasspathManagement.scala:146)
	at org.scalaide.core.internal.project.ScalaProject.jdkPaths(ScalaProject.scala:150)
	at org.scalaide.core.internal.project.ClasspathManagement.scalaClasspath(ClasspathManagement.scala:134)
	at org.scalaide.core.internal.project.ClasspathManagement.scalaClasspath$(ClasspathManagement.scala:133)
	at org.scalaide.core.internal.project.ScalaProject.scalaClasspath(ScalaProject.scala:150)
	at org.scalaide.core.internal.project.ScalaProject.setupCompilerClasspath(ScalaProject.scala:498)
	at org.scalaide.core.internal.project.ScalaProject.initializeCompilerSettings(ScalaProject.scala:485)
	at org.scalaide.core.internal.project.ScalaProject.prepareCompilerSettings(ScalaProject.scala:438)
	at org.scalaide.core.internal.project.ScalaProject.$anonfun$presentationCompiler$1(ScalaProject.scala:162)
	at org.scalaide.core.internal.project.ScalaProject$$Lambda$361/1980495760.apply(Unknown Source)
	at org.scalaide.core.internal.compiler.PresentationCompilerProxy.liftedTree1$1(PresentationCompilerProxy.scala:154)
	at org.scalaide.core.internal.compiler.PresentationCompilerProxy.create(PresentationCompilerProxy.scala:153)
	at org.scalaide.core.internal.compiler.PresentationCompilerProxy.initialize(PresentationCompilerProxy.scala:118)
	at org.scalaide.core.internal.compiler.PresentationCompilerProxy.obtainPc$1(PresentationCompilerProxy.scala:80)
	at org.scalaide.core.internal.compiler.PresentationCompilerProxy.internal(PresentationCompilerProxy.scala:100)
	at org.scalaide.ui.internal.editor.decorators.BaseSemanticAction.apply(BaseSemanticAction.scala:139)
	at org.scalaide.ui.internal.editor.ScalaSourceFileEditor$$anon$3.$anonfun$reconciled$3(ScalaSourceFileEditor.scala:105)
	at org.scalaide.ui.internal.editor.ScalaSourceFileEditor$$anon$3$$Lambda$956/567693128.apply$mcV$sp(Unknown Source)
	at scala.runtime.java8.JFunction0$mcV$sp.apply(JFunction0$mcV$sp.java:12)
	at org.scalaide.util.eclipse.EclipseUtils$$anon$3.run(EclipseUtils.scala:230)
	at org.eclipse.core.runtime.SafeRunner.run(SafeRunner.java:42)
	at org.scalaide.util.eclipse.EclipseUtils$.withSafeRunner(EclipseUtils.scala:226)
	at org.scalaide.ui.internal.editor.ScalaSourceFileEditor$$anon$3.$anonfun$reconciled$1(ScalaSourceFileEditor.scala:105)
	at org.scalaide.ui.internal.editor.ScalaSourceFileEditor$$anon$3$$Lambda$954/25297767.apply(Unknown Source)
	at scala.collection.mutable.ArraySeq.foreach(ArraySeq.scala:74)
	at org.scalaide.ui.internal.editor.ScalaSourceFileEditor$$anon$3.reconciled(ScalaSourceFileEditor.scala:103)
	at org.scalaide.ui.internal.editor.ScalaSourceFileEditor$ReconcilingListeners.$anonfun$reconciled$5(ScalaSourceFileEditor.scala:478)
	at org.scalaide.ui.internal.editor.ScalaSourceFileEditor$ReconcilingListeners.$anonfun$reconciled$5$adapted(ScalaSourceFileEditor.scala:478)
	at org.scalaide.ui.internal.editor.ScalaSourceFileEditor$ReconcilingListeners$$Lambda$953/2034419094.apply(Unknown Source)
	at scala.collection.immutable.List.foreach(List.scala:389)
	at org.scalaide.ui.internal.editor.ScalaSourceFileEditor$ReconcilingListeners.reconciled(ScalaSourceFileEditor.scala:478)
	at org.scalaide.ui.internal.editor.ScalaSourceFileEditor.reconciled(ScalaSourceFileEditor.scala:379)
	at org.scalaide.ui.internal.reconciliation.ScalaReconcilingStrategy.$anonfun$handleReconciliation$2(ScalaReconcilingStrategy.scala:65)
	at org.scalaide.ui.internal.reconciliation.ScalaReconcilingStrategy.$anonfun$handleReconciliation$2$adapted(ScalaReconcilingStrategy.scala:65)
	at org.scalaide.ui.internal.reconciliation.ScalaReconcilingStrategy$$Lambda$951/1915669491.apply(Unknown Source)
	at scala.Option.foreach(Option.scala:257)
	at org.scalaide.ui.internal.reconciliation.ScalaReconcilingStrategy.handleReconciliation(ScalaReconcilingStrategy.scala:65)
	at org.scalaide.ui.internal.reconciliation.ScalaReconcilingStrategy.reconcile(ScalaReconcilingStrategy.scala:39)
	at org.eclipse.jdt.internal.ui.text.CompositeReconcilingStrategy.reconcile(CompositeReconcilingStrategy.java:77)
	at org.eclipse.jface.text.reconciler.MonoReconciler.process(MonoReconciler.java:69)
	at org.eclipse.jface.text.reconciler.AbstractReconciler$BackgroundThread.run(AbstractReconciler.java:207)
2017-09-25 15:10:47,033 ERROR [main] - org.scala-ide.sdt.core - org.scala-ide.sdt.core - org.scala-ide.sdt.core - 0 - Error thrown while initializing the presentation compiler.
Java Model Exception: Java Model Status [SimpleApp does not exist]
	at org.eclipse.jdt.internal.core.JavaElement.newNotPresentException(JavaElement.java:556)
	at org.eclipse.jdt.internal.core.JavaModelManager.getPerProjectInfoCheckExistence(JavaModelManager.java:2378)
	at org.eclipse.jdt.internal.core.JavaProject.getPerProjectInfo(JavaProject.java:1909)
	at org.eclipse.jdt.internal.core.JavaProject.getRawClasspath(JavaProject.java:1931)
	at org.scalaide.core.internal.project.ClasspathManagement.jdkPaths(ClasspathManagement.scala:147)
	at org.scalaide.core.internal.project.ClasspathManagement.jdkPaths$(ClasspathManagement.scala:146)
	at org.scalaide.core.internal.project.ScalaProject.jdkPaths(ScalaProject.scala:150)
	at org.scalaide.core.internal.project.ClasspathManagement.scalaClasspath(ClasspathManagement.scala:134)
	at org.scalaide.core.internal.project.ClasspathManagement.scalaClasspath$(ClasspathManagement.scala:133)
	at org.scalaide.core.internal.project.ScalaProject.scalaClasspath(ScalaProject.scala:150)
	at org.scalaide.core.internal.project.ScalaProject.setupCompilerClasspath(ScalaProject.scala:498)
	at org.scalaide.core.internal.project.ScalaProject.initializeCompilerSettings(ScalaProject.scala:485)
	at org.scalaide.core.internal.project.ScalaProject.prepareCompilerSettings(ScalaProject.scala:438)
	at org.scalaide.core.internal.project.ScalaProject.$anonfun$presentationCompiler$1(ScalaProject.scala:162)
	at org.scalaide.core.internal.project.ScalaProject$$Lambda$361/1980495760.apply(Unknown Source)
	at org.scalaide.core.internal.compiler.PresentationCompilerProxy.liftedTree1$1(PresentationCompilerProxy.scala:154)
	at org.scalaide.core.internal.compiler.PresentationCompilerProxy.create(PresentationCompilerProxy.scala:153)
	at org.scalaide.core.internal.compiler.PresentationCompilerProxy.initialize(PresentationCompilerProxy.scala:118)
	at org.scalaide.core.internal.compiler.PresentationCompilerProxy.obtainPc$1(PresentationCompilerProxy.scala:80)
	at org.scalaide.core.internal.compiler.PresentationCompilerProxy.internal(PresentationCompilerProxy.scala:100)
	at org.scalaide.ui.internal.editor.decorators.BaseSemanticAction.apply(BaseSemanticAction.scala:139)
	at org.scalaide.ui.internal.editor.ScalaSourceFileEditor$$anon$3.$anonfun$reconciled$3(ScalaSourceFileEditor.scala:105)
	at org.scalaide.ui.internal.editor.ScalaSourceFileEditor$$anon$3$$Lambda$956/567693128.apply$mcV$sp(Unknown Source)
	at scala.runtime.java8.JFunction0$mcV$sp.apply(JFunction0$mcV$sp.java:12)
	at org.scalaide.util.eclipse.EclipseUtils$$anon$3.run(EclipseUtils.scala:230)
	at org.eclipse.core.runtime.SafeRunner.run(SafeRunner.java:42)
	at org.scalaide.util.eclipse.EclipseUtils$.withSafeRunner(EclipseUtils.scala:226)
	at org.scalaide.ui.internal.editor.ScalaSourceFileEditor$$anon$3.$anonfun$reconciled$1(ScalaSourceFileEditor.scala:105)
	at org.scalaide.ui.internal.editor.ScalaSourceFileEditor$$anon$3$$Lambda$954/25297767.apply(Unknown Source)
	at scala.collection.mutable.ArraySeq.foreach(ArraySeq.scala:74)
	at org.scalaide.ui.internal.editor.ScalaSourceFileEditor$$anon$3.reconciled(ScalaSourceFileEditor.scala:103)
	at org.scalaide.ui.internal.editor.ScalaSourceFileEditor$ReconcilingListeners.$anonfun$reconciled$5(ScalaSourceFileEditor.scala:478)
	at org.scalaide.ui.internal.editor.ScalaSourceFileEditor$ReconcilingListeners.$anonfun$reconciled$5$adapted(ScalaSourceFileEditor.scala:478)
	at org.scalaide.ui.internal.editor.ScalaSourceFileEditor$ReconcilingListeners$$Lambda$953/2034419094.apply(Unknown Source)
	at scala.collection.immutable.List.foreach(List.scala:389)
	at org.scalaide.ui.internal.editor.ScalaSourceFileEditor$ReconcilingListeners.reconciled(ScalaSourceFileEditor.scala:478)
	at org.scalaide.ui.internal.editor.ScalaSourceFileEditor.reconciled(ScalaSourceFileEditor.scala:379)
	at org.scalaide.ui.internal.reconciliation.ScalaReconcilingStrategy.$anonfun$handleReconciliation$2(ScalaReconcilingStrategy.scala:65)
	at org.scalaide.ui.internal.reconciliation.ScalaReconcilingStrategy.$anonfun$handleReconciliation$2$adapted(ScalaReconcilingStrategy.scala:65)
	at org.scalaide.ui.internal.reconciliation.ScalaReconcilingStrategy$$Lambda$951/1915669491.apply(Unknown Source)
	at scala.Option.foreach(Option.scala:257)
	at org.scalaide.ui.internal.reconciliation.ScalaReconcilingStrategy.handleReconciliation(ScalaReconcilingStrategy.scala:65)
	at org.scalaide.ui.internal.reconciliation.ScalaReconcilingStrategy.reconcile(ScalaReconcilingStrategy.scala:39)
	at org.eclipse.jdt.internal.ui.text.CompositeReconcilingStrategy.reconcile(CompositeReconcilingStrategy.java:77)
	at org.eclipse.jface.text.reconciler.MonoReconciler.process(MonoReconciler.java:69)
	at org.eclipse.jface.text.reconciler.AbstractReconciler$BackgroundThread.run(AbstractReconciler.java:207)
2017-09-25 15:10:47,036 ERROR [main] - org.scala-ide.sdt.core - org.scala-ide.sdt.core - org.scala-ide.sdt.core - 0 - Error thrown while initializing the presentation compiler.
Java Model Exception: Java Model Status [SimpleApp does not exist]
	at org.eclipse.jdt.internal.core.JavaElement.newNotPresentException(JavaElement.java:556)
	at org.eclipse.jdt.internal.core.JavaModelManager.getPerProjectInfoCheckExistence(JavaModelManager.java:2378)
	at org.eclipse.jdt.internal.core.JavaProject.getPerProjectInfo(JavaProject.java:1909)
	at org.eclipse.jdt.internal.core.JavaProject.getRawClasspath(JavaProject.java:1931)
	at org.scalaide.core.internal.project.ClasspathManagement.jdkPaths(ClasspathManagement.scala:147)
	at org.scalaide.core.internal.project.ClasspathManagement.jdkPaths$(ClasspathManagement.scala:146)
	at org.scalaide.core.internal.project.ScalaProject.jdkPaths(ScalaProject.scala:150)
	at org.scalaide.core.internal.project.ClasspathManagement.scalaClasspath(ClasspathManagement.scala:134)
	at org.scalaide.core.internal.project.ClasspathManagement.scalaClasspath$(ClasspathManagement.scala:133)
	at org.scalaide.core.internal.project.ScalaProject.scalaClasspath(ScalaProject.scala:150)
	at org.scalaide.core.internal.project.ScalaProject.setupCompilerClasspath(ScalaProject.scala:498)
	at org.scalaide.core.internal.project.ScalaProject.initializeCompilerSettings(ScalaProject.scala:485)
	at org.scalaide.core.internal.project.ScalaProject.prepareCompilerSettings(ScalaProject.scala:438)
	at org.scalaide.core.internal.project.ScalaProject.$anonfun$presentationCompiler$1(ScalaProject.scala:162)
	at org.scalaide.core.internal.project.ScalaProject$$Lambda$361/1980495760.apply(Unknown Source)
	at org.scalaide.core.internal.compiler.PresentationCompilerProxy.liftedTree1$1(PresentationCompilerProxy.scala:154)
	at org.scalaide.core.internal.compiler.PresentationCompilerProxy.create(PresentationCompilerProxy.scala:153)
	at org.scalaide.core.internal.compiler.PresentationCompilerProxy.initialize(PresentationCompilerProxy.scala:118)
	at org.scalaide.core.internal.compiler.PresentationCompilerProxy.obtainPc$1(PresentationCompilerProxy.scala:80)
	at org.scalaide.core.internal.compiler.PresentationCompilerProxy.internal(PresentationCompilerProxy.scala:100)
	at org.scalaide.ui.internal.editor.decorators.BaseSemanticAction.apply(BaseSemanticAction.scala:139)
	at org.scalaide.ui.internal.editor.ScalaSourceFileEditor$$anon$3.$anonfun$reconciled$3(ScalaSourceFileEditor.scala:105)
	at org.scalaide.ui.internal.editor.ScalaSourceFileEditor$$anon$3$$Lambda$956/567693128.apply$mcV$sp(Unknown Source)
	at scala.runtime.java8.JFunction0$mcV$sp.apply(JFunction0$mcV$sp.java:12)
	at org.scalaide.util.eclipse.EclipseUtils$$anon$3.run(EclipseUtils.scala:230)
	at org.eclipse.core.runtime.SafeRunner.run(SafeRunner.java:42)
	at org.scalaide.util.eclipse.EclipseUtils$.withSafeRunner(EclipseUtils.scala:226)
	at org.scalaide.ui.internal.editor.ScalaSourceFileEditor$$anon$3.$anonfun$reconciled$1(ScalaSourceFileEditor.scala:105)
	at org.scalaide.ui.internal.editor.ScalaSourceFileEditor$$anon$3$$Lambda$954/25297767.apply(Unknown Source)
	at scala.collection.mutable.ArraySeq.foreach(ArraySeq.scala:74)
	at org.scalaide.ui.internal.editor.ScalaSourceFileEditor$$anon$3.reconciled(ScalaSourceFileEditor.scala:103)
	at org.scalaide.ui.internal.editor.ScalaSourceFileEditor$ReconcilingListeners.$anonfun$reconciled$5(ScalaSourceFileEditor.scala:478)
	at org.scalaide.ui.internal.editor.ScalaSourceFileEditor$ReconcilingListeners.$anonfun$reconciled$5$adapted(ScalaSourceFileEditor.scala:478)
	at org.scalaide.ui.internal.editor.ScalaSourceFileEditor$ReconcilingListeners$$Lambda$953/2034419094.apply(Unknown Source)
	at scala.collection.immutable.List.foreach(List.scala:389)
	at org.scalaide.ui.internal.editor.ScalaSourceFileEditor$ReconcilingListeners.reconciled(ScalaSourceFileEditor.scala:478)
	at org.scalaide.ui.internal.editor.ScalaSourceFileEditor.reconciled(ScalaSourceFileEditor.scala:379)
	at org.scalaide.ui.internal.reconciliation.ScalaReconcilingStrategy.$anonfun$handleReconciliation$2(ScalaReconcilingStrategy.scala:65)
	at org.scalaide.ui.internal.reconciliation.ScalaReconcilingStrategy.$anonfun$handleReconciliation$2$adapted(ScalaReconcilingStrategy.scala:65)
	at org.scalaide.ui.internal.reconciliation.ScalaReconcilingStrategy$$Lambda$951/1915669491.apply(Unknown Source)
	at scala.Option.foreach(Option.scala:257)
	at org.scalaide.ui.internal.reconciliation.ScalaReconcilingStrategy.handleReconciliation(ScalaReconcilingStrategy.scala:65)
	at org.scalaide.ui.internal.reconciliation.ScalaReconcilingStrategy.reconcile(ScalaReconcilingStrategy.scala:39)
	at org.eclipse.jdt.internal.ui.text.CompositeReconcilingStrategy.reconcile(CompositeReconcilingStrategy.java:77)
	at org.eclipse.jface.text.reconciler.MonoReconciler.process(MonoReconciler.java:69)
	at org.eclipse.jface.text.reconciler.AbstractReconciler$BackgroundThread.run(AbstractReconciler.java:207)
2017-09-25 15:10:47,038 ERROR [main] - org.scala-ide.sdt.core - org.scala-ide.sdt.core - org.scala-ide.sdt.core - 0 - Error thrown while initializing the presentation compiler.
Java Model Exception: Java Model Status [SimpleApp does not exist]
	at org.eclipse.jdt.internal.core.JavaElement.newNotPresentException(JavaElement.java:556)
	at org.eclipse.jdt.internal.core.JavaModelManager.getPerProjectInfoCheckExistence(JavaModelManager.java:2378)
	at org.eclipse.jdt.internal.core.JavaProject.getPerProjectInfo(JavaProject.java:1909)
	at org.eclipse.jdt.internal.core.JavaProject.getRawClasspath(JavaProject.java:1931)
	at org.scalaide.core.internal.project.ClasspathManagement.jdkPaths(ClasspathManagement.scala:147)
	at org.scalaide.core.internal.project.ClasspathManagement.jdkPaths$(ClasspathManagement.scala:146)
	at org.scalaide.core.internal.project.ScalaProject.jdkPaths(ScalaProject.scala:150)
	at org.scalaide.core.internal.project.ClasspathManagement.scalaClasspath(ClasspathManagement.scala:134)
	at org.scalaide.core.internal.project.ClasspathManagement.scalaClasspath$(ClasspathManagement.scala:133)
	at org.scalaide.core.internal.project.ScalaProject.scalaClasspath(ScalaProject.scala:150)
	at org.scalaide.core.internal.project.ScalaProject.setupCompilerClasspath(ScalaProject.scala:498)
	at org.scalaide.core.internal.project.ScalaProject.initializeCompilerSettings(ScalaProject.scala:485)
	at org.scalaide.core.internal.project.ScalaProject.prepareCompilerSettings(ScalaProject.scala:438)
	at org.scalaide.core.internal.project.ScalaProject.$anonfun$presentationCompiler$1(ScalaProject.scala:162)
	at org.scalaide.core.internal.project.ScalaProject$$Lambda$361/1980495760.apply(Unknown Source)
	at org.scalaide.core.internal.compiler.PresentationCompilerProxy.liftedTree1$1(PresentationCompilerProxy.scala:154)
	at org.scalaide.core.internal.compiler.PresentationCompilerProxy.create(PresentationCompilerProxy.scala:153)
	at org.scalaide.core.internal.compiler.PresentationCompilerProxy.initialize(PresentationCompilerProxy.scala:118)
	at org.scalaide.core.internal.compiler.PresentationCompilerProxy.obtainPc$1(PresentationCompilerProxy.scala:80)
	at org.scalaide.core.internal.compiler.PresentationCompilerProxy.internal(PresentationCompilerProxy.scala:100)
	at org.scalaide.core.internal.compiler.PresentationCompilerProxy.apply(PresentationCompilerProxy.scala:58)
	at org.scalaide.ui.internal.editor.outline.ScalaOutlineReconcilingStrategy.updateOutlineView(ScalaOutlineReconcilingStrategy.scala:34)
	at org.scalaide.ui.internal.editor.outline.ScalaOutlineReconcilingStrategy.reconcile(ScalaOutlineReconcilingStrategy.scala:19)
	at org.eclipse.jdt.internal.ui.text.CompositeReconcilingStrategy.reconcile(CompositeReconcilingStrategy.java:77)
	at org.eclipse.jface.text.reconciler.MonoReconciler.process(MonoReconciler.java:69)
	at org.eclipse.jface.text.reconciler.AbstractReconciler$BackgroundThread.run(AbstractReconciler.java:207)
2017-09-25 15:57:10,667  WARN [ModalContext] - ScalaProject - Project SimpleApp2 has platform default sourceLevel.
2017-09-25 15:57:10,672  WARN [ModalContext] - ScalaProject - Project SimpleApp2 runs on platform default installation.
2017-09-25 15:57:10,675  WARN [ModalContext] - ScalaProject - Project SimpleApp2 has platform default sourceLevel.
2017-09-25 15:57:10,675  WARN [ModalContext] - ScalaProject - Project SimpleApp2 runs on platform default installation.
2017-09-25 15:57:11,798  WARN [ModalContext] - ScalaProject - Project SimpleApp2 has platform default sourceLevel.
2017-09-25 15:57:11,798  WARN [ModalContext] - ScalaProject - Project SimpleApp2 runs on platform default installation.
2017-09-25 15:58:32,713  WARN [main] - ScalaProject - Project SimpleApp2 has platform default sourceLevel.
2017-09-25 15:58:32,714  WARN [main] - ScalaProject - Project SimpleApp2 runs on platform default installation.
2017-09-25 15:58:37,081  WARN [main] - ScalaProject - Project SimpleApp2 has platform default sourceLevel.
2017-09-25 15:58:37,081  WARN [main] - ScalaProject - Project SimpleApp2 runs on platform default installation.
2017-09-25 16:11:14,499  WARN [main] - ScalaProject - Project SimpleApp2 has platform default sourceLevel.
2017-09-25 16:11:14,501  WARN [main] - ScalaProject - Project SimpleApp2 runs on platform default installation.
2017-09-26 20:09:03,589  WARN [main] - ScalaProject - Project SimpleApp2 has platform default sourceLevel.
2017-09-26 20:09:03,594  WARN [main] - ScalaProject - Project SimpleApp2 runs on platform default installation.
2017-09-26 20:09:03,606  WARN [main] - ScalaProject - Project SimpleApp2 has platform default sourceLevel.
2017-09-26 20:09:03,606  WARN [main] - ScalaProject - Project SimpleApp2 runs on platform default installation.
2017-09-26 20:09:03,621  WARN [main] - ScalaProject - Project SimpleApp2 has platform default sourceLevel.
2017-09-26 20:09:03,622  WARN [main] - ScalaProject - Project SimpleApp2 runs on platform default installation.
2017-09-26 20:09:11,184 ERROR [main] - System.err - log4j:WARN No appenders could be found for logger (org.eclipse.jgit.util.FS).
2017-09-26 20:09:11,185 ERROR [main] - System.err - log4j:WARN Please initialize the log4j system properly.
2017-09-26 20:09:19,061  WARN [Worker-2] - ScalaProject - Project examples has platform default sourceLevel.
2017-09-26 20:09:19,066  WARN [Worker-2] - ScalaProject - Project examples runs on platform default installation.
2017-09-26 20:09:19,070  WARN [Worker-2] - ScalaProject - Project hello has platform default sourceLevel.
2017-09-26 20:09:19,071  WARN [Worker-2] - ScalaProject - Project hello runs on platform default installation.
2017-09-26 20:09:19,072  WARN [Worker-2] - ScalaProject - Project StreamingExample has platform default sourceLevel.
2017-09-26 20:09:19,072  WARN [Worker-2] - ScalaProject - Project StreamingExample runs on platform default installation.
2017-09-26 20:24:10,288  WARN [main] - org.scala-ide.sdt.core - org.scala-ide.sdt.core - org.scala-ide.sdt.core - 0 - Preference scala.compiler.sourceLevel was uninitialized for SimpleApp2, setting default to 2.12.
2017-09-26 20:25:15,429  WARN [ModalContext] - ScalaProject - Project simple-scala has platform default sourceLevel.
2017-09-26 20:25:15,430  WARN [ModalContext] - ScalaProject - Project simple-scala runs on platform default installation.
2017-09-26 20:25:15,930  WARN [Worker-0] - ScalaProject - Project simple-scala has platform default sourceLevel.
2017-09-26 20:25:15,930  WARN [Worker-0] - ScalaProject - Project simple-scala runs on platform default installation.
